--- task 1 ---
Start time: 0
Finish time: 5
Processor: 1

--- task 2 ---
Start time: 5
Finish time: 10
Processor: 1

--- task 3 ---
Start time: 10
Finish time: 15
Processor: 1

--- task 4 ---
Start time: 15
Finish time: 20
Processor: 1

--- task 5 ---
Start time: 15
Finish time: 20
Processor: 2

--- task 6 ---
Start time: 15
Finish time: 20
Processor: 3

--- task 7 ---
Start time: 20
Finish time: 25
Processor: 1

--- task 8 ---
Start time: 20
Finish time: 25
Processor: 2

--- task 9 ---
Start time: 20
Finish time: 25
Processor: 3

--- task 10 ---
Start time: 25
Finish time: 30
Processor: 1

--- task 11 ---
Start time: 25
Finish time: 30
Processor: 2

--- task 12 ---
Start time: 30
Finish time: 35
Processor: 1

--- task 13 ---
Start time: 30
Finish time: 35
Processor: 2

--- task 14 ---
Start time: 25
Finish time: 30
Processor: 3

--- task 15 ---
Start time: 35
Finish time: 40
Processor: 1

--- task 16 ---
Start time: 35
Finish time: 40
Processor: 2

--- task 17 ---
Start time: 30
Finish time: 35
Processor: 3

--- task 18 ---
Start time: 50
Finish time: 55
Processor: 1

------
Task count scheduled on processor 1: 9
Task count scheduled on processor 2: 5
Task count scheduled on processor 3: 4
------
Total execution time: 55
