--- task 1 ---
Start time: 0
Finish time: 2
Processor: 1

--- task 2 ---
Start time: 2.83333
Finish time: 4.83333
Processor: 3

--- task 3 ---
Start time: 2
Finish time: 4
Processor: 1

--- task 4 ---
Start time: 4.83333
Finish time: 6.83333
Processor: 3

--- task 5 ---
Start time: 4
Finish time: 6
Processor: 1

--- task 6 ---
Start time: 6
Finish time: 8
Processor: 1

--- task 7 ---
Start time: 8
Finish time: 10
Processor: 1

--- task 8 ---
Start time: 12.6667
Finish time: 14.6667
Processor: 1

------
Task count scheduled on processor 1: 6
Task count scheduled on processor 2: 0
Task count scheduled on processor 3: 2
------
Total execution time: 14.6667
