--- task 1 ---
Start time: 0
Finish time: 20
Processor: 1

--- task 2 ---
Start time: 60
Finish time: 80
Processor: 1

--- task 3 ---
Start time: 20
Finish time: 40
Processor: 1

--- task 4 ---
Start time: 80
Finish time: 100
Processor: 1

--- task 5 ---
Start time: 55
Finish time: 75
Processor: 2

--- task 6 ---
Start time: 40
Finish time: 60
Processor: 1

--- task 7 ---
Start time: 83
Finish time: 103
Processor: 2

--- task 8 ---
Start time: 117
Finish time: 137
Processor: 2

------
Task count scheduled on processor 1: 5
Task count scheduled on processor 2: 3
------
Total execution time: 137
