--- task 1 ---
Start time: 0
Finish time: 20
Processor: 1

--- task 2 ---
Start time: 45
Finish time: 65
Processor: 3

--- task 3 ---
Start time: 20
Finish time: 40
Processor: 1

--- task 4 ---
Start time: 65
Finish time: 85
Processor: 3

--- task 5 ---
Start time: 55
Finish time: 75
Processor: 2

--- task 6 ---
Start time: 40
Finish time: 60
Processor: 1

--- task 7 ---
Start time: 83
Finish time: 103
Processor: 2

--- task 8 ---
Start time: 103
Finish time: 123
Processor: 2

------
Task count scheduled on processor 1: 3
Task count scheduled on processor 2: 3
Task count scheduled on processor 3: 2
Task count scheduled on processor 4: 0
------
Total execution time: 123
